<?xml version="1.0" encoding="UTF-8"?>
<!-- Generated by org.testng.reporters.JUnitXMLReporter -->
<testsuite ignored="2" hostname="Admin" failures="0" tests="2" name="Ebay" time="74.461" errors="0" timestamp="2023-09-09T11:08:17 IST">
  <testcase classname="com.testcases.Scenario1" name="filterSenario" time="46.926"/>
  <testcase classname="com.testcases.Scenario2" name="productSearch" time="23.333"/>
  <testcase classname="com.testcases.Base" name="@BeforeTest setup" time="0.0">
    <ignored/>
  </testcase> <!-- @BeforeTest setup -->
  <testcase classname="com.testcases.Base" name="@AfterTest teardown" time="0.0">
    <ignored/>
  </testcase> <!-- @AfterTest teardown -->
</testsuite> <!-- Ebay -->
